Сборка начата 17.07.2016 17:28:54.
     1>Проект "D:\БГТУ\ЯП\ЛАБЫ\лаб16\LPLab10\LPLab10.vcxproj" в узле 2 (целевые объекты Build).
     1>ClCompile:
         D:\БГТУ\Visual 2015\VC\bin\CL.exe /c /ZI /nologo /W3 /WX- /sdl /Od /Oy- /D WIN32 /D _DEBUG /D _CONSOLE /D _UNICODE /D UNICODE /Gm /EHsc /RTC1 /MDd /GS /fp:precise /Zc:wchar_t /Zc:forScope /Zc:inline /Yu"stdafx.h" /Fp"Debug\LPLab10.pch" /Fo"Debug\\" /Fd"Debug\vc140.pdb" /Gd /TP /analyze- /errorReport:prompt LAnalize.cpp LPLab13_NICK.cpp Mfst.cpp
         Mfst.cpp
         Создание кода...
         Компиляция...
         LPLab13_NICK.cpp
         LAnalize.cpp
         Создание кода...
       Link:
         D:\БГТУ\Visual 2015\VC\bin\link.exe /ERRORREPORT:PROMPT /OUT:"D:\БГТУ\ЯП\ЛАБЫ\лаб16\Debug\LPLab10.exe" /INCREMENTAL /NOLOGO kernel32.lib user32.lib gdi32.lib winspool.lib comdlg32.lib advapi32.lib shell32.lib ole32.lib oleaut32.lib uuid.lib odbc32.lib odbccp32.lib /MANIFEST /MANIFESTUAC:"level='asInvoker' uiAccess='false'" /manifest:embed /Debug /PDB:"D:\БГТУ\ЯП\ЛАБЫ\лаб16\Debug\LPLab10.pdb" /SUBSYSTEM:CONSOLE /TLBID:1 /DYNAMICBASE /NXCOMPAT /IMPLIB:"D:\БГТУ\ЯП\ЛАБЫ\лаб16\Debug\LPLab10.lib" /MACHINE:X86 Debug\Error.obj
         Debug\FST.obj
         Debug\Greibach.obj
         Debug\In.obj
         Debug\IT.obj
         Debug\LAnalize.obj
         Debug\Log.obj
         Debug\LPLab13_NICK.obj
         Debug\LT.obj
         Debug\Mfst.obj
         Debug\Parm.obj
         Debug\PolishNotation.obj
         Debug\sanalize.obj
         Debug\stdafx.obj
         LPLab10.vcxproj -> D:\БГТУ\ЯП\ЛАБЫ\лаб16\Debug\LPLab10.exe
     1>Сборка проекта "D:\БГТУ\ЯП\ЛАБЫ\лаб16\LPLab10\LPLab10.vcxproj" завершена (целевые объекты Build).

Сборка успешно завершена.

Затраченное время: 00:00:08.91
