d:\бгту\яп\лабы\лаб15\lplab15\lplab14\lplab10\debug\vc140.pdb
d:\бгту\яп\лабы\лаб15\lplab15\lplab14\lplab10\debug\vc140.idb
d:\бгту\яп\лабы\лаб15\lplab15\lplab14\lplab10\debug\lplab10.pch
d:\бгту\яп\лабы\лаб15\lplab15\lplab14\lplab10\debug\stdafx.obj
d:\бгту\яп\лабы\лаб15\lplab15\lplab14\lplab10\debug\fst.obj
d:\бгту\яп\лабы\лаб15\lplab15\lplab14\lplab10\debug\error.obj
d:\бгту\яп\лабы\лаб15\lplab15\lplab14\lplab10\debug\it.obj
d:\бгту\яп\лабы\лаб15\lplab15\lplab14\lplab10\debug\in.obj
d:\бгту\яп\лабы\лаб15\lplab15\lplab14\lplab10\debug\lanalize.obj
d:\бгту\яп\лабы\лаб15\lplab15\lplab14\lplab10\debug\lplab13_nick.obj
d:\бгту\яп\лабы\лаб15\lplab15\lplab14\lplab10\debug\lt.obj
d:\бгту\яп\лабы\лаб15\lplab15\lplab14\lplab10\debug\log.obj
d:\бгту\яп\лабы\лаб15\lplab15\lplab14\lplab10\debug\parm.obj
d:\бгту\яп\лабы\лаб15\lplab15\lplab14\lplab10\debug\polishnotation.obj
d:\бгту\яп\лабы\лаб16\lplab10\debug\lplab10.pch
d:\бгту\яп\лабы\лаб16\lplab10\debug\vc140.pdb
d:\бгту\яп\лабы\лаб16\lplab10\debug\vc140.idb
d:\бгту\яп\лабы\лаб16\lplab10\debug\stdafx.obj
d:\бгту\яп\лабы\лаб16\lplab10\debug\error.obj
d:\бгту\яп\лабы\лаб16\lplab10\debug\fst.obj
d:\бгту\яп\лабы\лаб16\lplab10\debug\in.obj
d:\бгту\яп\лабы\лаб16\lplab10\debug\it.obj
d:\бгту\яп\лабы\лаб16\lplab10\debug\lanalize.obj
d:\бгту\яп\лабы\лаб16\lplab10\debug\log.obj
d:\бгту\яп\лабы\лаб16\lplab10\debug\lplab13_nick.obj
d:\бгту\яп\лабы\лаб16\lplab10\debug\lt.obj
d:\бгту\яп\лабы\лаб16\lplab10\debug\parm.obj
d:\бгту\яп\лабы\лаб16\lplab10\debug\polishnotation.obj
d:\бгту\яп\лабы\лаб16\lplab10\debug\greibach.obj
d:\бгту\яп\лабы\лаб16\lplab10\debug\mfst.obj
d:\бгту\яп\лабы\лаб15\lplab15\lplab14\debug\lplab10.ilk
d:\бгту\яп\лабы\лаб15\lplab15\lplab14\debug\lplab10.exe
d:\бгту\яп\лабы\лаб15\lplab15\lplab14\debug\lplab10.pdb
d:\бгту\яп\лабы\лаб16\debug\lplab10.ilk
d:\бгту\яп\лабы\лаб16\debug\lplab10.exe
d:\бгту\яп\лабы\лаб16\debug\lplab10.pdb
d:\бгту\яп\лабы\лаб16\lplab10\debug\lexanalize.obj
d:\бгту\яп\лабы\лаб16\lplab10\debug\lplab10.tlog\cl.command.1.tlog
d:\бгту\яп\лабы\лаб16\lplab10\debug\lplab10.tlog\cl.read.1.tlog
d:\бгту\яп\лабы\лаб16\lplab10\debug\lplab10.tlog\cl.write.1.tlog
d:\бгту\яп\лабы\лаб16\lplab10\debug\lplab10.tlog\link.command.1.tlog
d:\бгту\яп\лабы\лаб16\lplab10\debug\lplab10.tlog\link.read.1.tlog
d:\бгту\яп\лабы\лаб16\lplab10\debug\lplab10.tlog\link.write.1.tlog
